
[2021-04-27 10:04:50] Traceback (most recent call last):
  File "lifespan_handler.pyx", line 116, in cefpython_py39.LifespanHandler_OnBeforeClose
  File "utils.pyx", line 50, in cefpython_py39.Debug
KeyboardInterrupt


[2021-04-27 11:18:03] Traceback (most recent call last):
  File "lifespan_handler.pyx", line 116, in cefpython_py39.LifespanHandler_OnBeforeClose
  File "utils.pyx", line 50, in cefpython_py39.Debug
KeyboardInterrupt


[2021-05-03 10:30:15] Traceback (most recent call last):
  File "lifespan_handler.pyx", line 116, in cefpython_py39.LifespanHandler_OnBeforeClose
  File "utils.pyx", line 50, in cefpython_py39.Debug
KeyboardInterrupt


[2021-05-03 10:45:07] Traceback (most recent call last):
  File "lifespan_handler.pyx", line 116, in cefpython_py39.LifespanHandler_OnBeforeClose
  File "utils.pyx", line 50, in cefpython_py39.Debug
KeyboardInterrupt


[2021-05-03 20:40:10] Traceback (most recent call last):
  File "lifespan_handler.pyx", line 116, in cefpython_py39.LifespanHandler_OnBeforeClose
  File "utils.pyx", line 50, in cefpython_py39.Debug
KeyboardInterrupt


[2021-05-03 22:24:10] Traceback (most recent call last):
  File "lifespan_handler.pyx", line 116, in cefpython_py39.LifespanHandler_OnBeforeClose
  File "utils.pyx", line 50, in cefpython_py39.Debug
KeyboardInterrupt


[2021-05-03 22:41:06] Traceback (most recent call last):
  File "lifespan_handler.pyx", line 116, in cefpython_py39.LifespanHandler_OnBeforeClose
  File "utils.pyx", line 50, in cefpython_py39.Debug
KeyboardInterrupt


[2021-05-03 22:44:17] Traceback (most recent call last):
  File "lifespan_handler.pyx", line 116, in cefpython_py39.LifespanHandler_OnBeforeClose
  File "utils.pyx", line 50, in cefpython_py39.Debug
KeyboardInterrupt


[2021-05-04 10:35:51] Traceback (most recent call last):
  File "lifespan_handler.pyx", line 116, in cefpython_py39.LifespanHandler_OnBeforeClose
  File "utils.pyx", line 50, in cefpython_py39.Debug
KeyboardInterrupt


[2021-05-04 11:16:16] Traceback (most recent call last):
  File "lifespan_handler.pyx", line 116, in cefpython_py39.LifespanHandler_OnBeforeClose
  File "utils.pyx", line 50, in cefpython_py39.Debug
KeyboardInterrupt


[2021-05-04 14:29:06] Traceback (most recent call last):
  File "lifespan_handler.pyx", line 116, in cefpython_py39.LifespanHandler_OnBeforeClose
  File "utils.pyx", line 50, in cefpython_py39.Debug
KeyboardInterrupt


[2021-05-04 15:41:37] Traceback (most recent call last):
  File "lifespan_handler.pyx", line 116, in cefpython_py39.LifespanHandler_OnBeforeClose
  File "utils.pyx", line 50, in cefpython_py39.Debug
KeyboardInterrupt


[2021-05-04 15:42:49] Traceback (most recent call last):
  File "keyboard_handler.pyx", line 136, in cefpython_py39.KeyboardHandler_OnKeyEvent
  File "keyboard_handler.pyx", line 79, in cefpython_py39.HandleKeyboardShortcuts
  File "E:\python\lib\platform.py", line 912, in system
    def system():
KeyboardInterrupt


[2021-05-04 15:59:55] Traceback (most recent call last):
  File "lifespan_handler.pyx", line 116, in cefpython_py39.LifespanHandler_OnBeforeClose
  File "utils.pyx", line 50, in cefpython_py39.Debug
KeyboardInterrupt


[2021-05-04 16:02:07] Traceback (most recent call last):
  File "lifespan_handler.pyx", line 116, in cefpython_py39.LifespanHandler_OnBeforeClose
  File "utils.pyx", line 50, in cefpython_py39.Debug
KeyboardInterrupt


[2021-05-04 16:08:39] Traceback (most recent call last):
  File "lifespan_handler.pyx", line 116, in cefpython_py39.LifespanHandler_OnBeforeClose
  File "utils.pyx", line 50, in cefpython_py39.Debug
KeyboardInterrupt


[2021-05-27 15:07:54] Traceback (most recent call last):
  File "lifespan_handler.pyx", line 116, in cefpython_py36.LifespanHandler_OnBeforeClose
  File "utils.pyx", line 50, in cefpython_py36.Debug
KeyboardInterrupt

